2025-03-23 18:29:44,549 - INFO     - ===== 🚀 INICIANDO PROCESSO DE ANÁLISE =====
2025-03-23 18:29:44,549 - INFO     - 🔍 Verificando existência e integridade do arquivo de entrada...
2025-03-23 18:29:44,549 - INFO     - ✅ Arquivo de entrada verificado com sucesso: c:\Users\natan\PUCMG_LAB_2025_1\Lab_Experimentacao_Software_1.2025\Lab2_QualiJava\Lab2S02\data\resultados_totais.csv
2025-03-23 18:29:44,550 - INFO     - 📊 Iniciando análise dos dados coletados...
2025-03-23 18:29:44,556 - INFO     - 📥 Arquivo 'c:\Users\natan\PUCMG_LAB_2025_1\Lab_Experimentacao_Software_1.2025\Lab2_QualiJava\Lab2S02\data\resultados_totais.csv' carregado. 979 registros encontrados.
2025-03-23 18:29:44,562 - INFO     - 🧹 Limpando e preparando os dados...
2025-03-23 18:29:44,569 - INFO     - 📈 Registros válidos após limpeza: 979 de 979 totais.
2025-03-23 18:29:44,569 - INFO     - 📉 Calculando estatísticas descritivas...
2025-03-23 18:29:44,590 - INFO     - ✅ Estatísticas calculadas com sucesso:
+-------+-------+-------+---------+------------+------------+------------+-----------+---------+
|       |   CBO |   DIT |    LCOM | LOC        | Comments   |   Maturity |   Release |   Stars |
+=======+=======+=======+=========+============+============+============+===========+=========+
| count |   979 |   979 | 979     | 979        | 979        |        979 |       979 | 979     |
+-------+-------+-------+---------+------------+------------+------------+-----------+---------+
| mean  |     5 |     1 | 115     | 180.318    | 60.372     |          9 |        14 |   9.281 |
+-------+-------+-------+---------+------------+------------+------------+-----------+---------+
| std   |     2 |     1 |   1.797 | 897.840    | 437.577    |          3 |        13 |  11.052 |
+-------+-------+-------+---------+------------+------------+------------+-----------+---------+
| min   |     0 |     0 |   0     | 0          | 0          |          0 |         0 |   3.301 |
+-------+-------+-------+---------+------------+------------+------------+-----------+---------+
| 25%   |     4 |     1 |   8     | 4.086      | 786        |          7 |         0 |   4.267 |
+-------+-------+-------+---------+------------+------------+------------+-----------+---------+
| 50%   |     5 |     1 |  22     | 21.252     | 5.120      |          9 |        10 |   5.646 |
+-------+-------+-------+---------+------------+------------+------------+-----------+---------+
| 75%   |     6 |     2 |  48     | 93.512     | 26.190     |         11 |        30 |   9.638 |
+-------+-------+-------+---------+------------+------------+------------+-----------+---------+
| max   |    22 |     4 |  55.991 | 23.206.140 | 12.489.032 |         16 |        30 | 148.824 |
+-------+-------+-------+---------+------------+------------+------------+-----------+---------+
2025-03-23 18:29:44,590 - INFO     - 🔗 Calculando matriz de correlação...
2025-03-23 18:29:44,592 - INFO     - ✅ Matriz de correlação calculada com sucesso:
+----------+------------+------------+------------+------------+-------------+-------------+-------------+------------+
|          |        CBO |        DIT |       LCOM |        LOC |    Comments |    Maturity |     Release |      Stars |
+==========+============+============+============+============+=============+=============+=============+============+
| CBO      |  1         |  0.626071  |  0.064981  |  0.0110517 |  0.0167707  |  0.0159292  |  0.277802   | -0.138384  |
+----------+------------+------------+------------+------------+-------------+-------------+-------------+------------+
| DIT      |  0.626071  |  1         |  0.0610657 | -0.0795308 | -0.0490112  |  0.135348   |  0.117152   | -0.147474  |
+----------+------------+------------+------------+------------+-------------+-------------+-------------+------------+
| LCOM     |  0.064981  |  0.0610657 |  1         |  0.0291935 |  0.0159351  |  0.0279079  | -0.0284641  |  0.018344  |
+----------+------------+------------+------------+------------+-------------+-------------+-------------+------------+
| LOC      |  0.0110517 | -0.0795308 |  0.0291935 |  1         |  0.966024   |  0.0877223  |  0.0320939  |  0.0718547 |
+----------+------------+------------+------------+------------+-------------+-------------+-------------+------------+
| Comments |  0.0167707 | -0.0490112 |  0.0159351 |  0.966024  |  1          |  0.0776211  |  0.00502366 |  0.0293311 |
+----------+------------+------------+------------+------------+-------------+-------------+-------------+------------+
| Maturity |  0.0159292 |  0.135348  |  0.0279079 |  0.0877223 |  0.0776211  |  1          | -0.00966642 | -0.0223417 |
+----------+------------+------------+------------+------------+-------------+-------------+-------------+------------+
| Release  |  0.277802  |  0.117152  | -0.0284641 |  0.0320939 |  0.00502366 | -0.00966642 |  1          |  0.0857957 |
+----------+------------+------------+------------+------------+-------------+-------------+-------------+------------+
| Stars    | -0.138384  | -0.147474  |  0.018344  |  0.0718547 |  0.0293311  | -0.0223417  |  0.0857957  |  1         |
+----------+------------+------------+------------+------------+-------------+-------------+-------------+------------+
2025-03-23 18:29:44,593 - INFO     - 🔗 Gerando histogramas das variáveis...
2025-03-23 18:29:53,005 - INFO     - ✅ Histogramas gerados.

2025-03-23 18:29:53,012 - INFO     - 💾 Resultados estatísticos salvos no arquivo: data
2025-03-23 18:29:57,409 - INFO     - 
+----+----------+-----------------------+-------------------+------------------------+--------------------+
|    | Metric   |   Pearson_Coefficient |   Pearson_p-value |   Spearman_Coefficient |   Spearman_p-value |
+====+==========+=======================+===================+========================+====================+
|  0 | CBO      |             -0.138384 |       1.39091e-05 |            -0.0252824  |           0.429424 |
+----+----------+-----------------------+-------------------+------------------------+--------------------+
|  1 | DIT      |             -0.147474 |       3.5904e-06  |            -0.0497261  |           0.119981 |
+----+----------+-----------------------+-------------------+------------------------+--------------------+
|  2 | LCOM     |              0.018344 |       0.566455    |             0.00395571 |           0.901622 |
+----+----------+-----------------------+-------------------+------------------------+--------------------+
2025-03-23 18:29:57,451 - INFO     - ✅ Resultados de correlação salvos em 'correlacao_p_values_rq01.csv'.
2025-03-23 18:30:02,167 - INFO     - 
+----+----------+-----------------------+-------------------+------------------------+--------------------+
|    | Metric   |   Pearson_Coefficient |   Pearson_p-value |   Spearman_Coefficient |   Spearman_p-value |
+====+==========+=======================+===================+========================+====================+
|  0 | CBO      |             0.0159292 |       0.618622    |             0.00824382 |        0.796704    |
+----+----------+-----------------------+-------------------+------------------------+--------------------+
|  1 | DIT      |             0.135348  |       2.14674e-05 |             0.244598   |        8.38454e-15 |
+----+----------+-----------------------+-------------------+------------------------+--------------------+
|  2 | LCOM     |             0.0279079 |       0.383064    |             0.1823     |        9.19791e-09 |
+----+----------+-----------------------+-------------------+------------------------+--------------------+
2025-03-23 18:30:02,202 - INFO     - ✅ Resultados de correlação salvos em 'correlacao_p_values_rq02.csv'.
2025-03-23 18:30:06,927 - INFO     - 
+----+----------+-----------------------+-------------------+------------------------+--------------------+
|    | Metric   |   Pearson_Coefficient |   Pearson_p-value |   Spearman_Coefficient |   Spearman_p-value |
+====+==========+=======================+===================+========================+====================+
|  0 | CBO      |             0.277802  |       8.29941e-19 |               0.321142 |        6.37099e-25 |
+----+----------+-----------------------+-------------------+------------------------+--------------------+
|  1 | DIT      |             0.117152  |       0.000239224 |               0.214059 |        1.30836e-11 |
+----+----------+-----------------------+-------------------+------------------------+--------------------+
|  2 | LCOM     |            -0.0284641 |       0.373652    |               0.27468  |        2.08909e-18 |
+----+----------+-----------------------+-------------------+------------------------+--------------------+
2025-03-23 18:30:06,953 - INFO     - ✅ Resultados de correlação salvos em 'correlacao_p_values_rq03.csv'.
2025-03-23 18:30:12,296 - INFO     - 
+----+----------+-----------------------+-------------------+------------------------+--------------------+
|    | Metric   |   Pearson_Coefficient |   Pearson_p-value |   Spearman_Coefficient |   Spearman_p-value |
+====+==========+=======================+===================+========================+====================+
|  0 | CBO      |             0.0110517 |          0.72982  |               0.439882 |        1.37695e-47 |
+----+----------+-----------------------+-------------------+------------------------+--------------------+
|  1 | DIT      |            -0.0795308 |          0.012803 |               0.300109 |        7.97406e-22 |
+----+----------+-----------------------+-------------------+------------------------+--------------------+
|  2 | LCOM     |             0.0291935 |          0.361525 |               0.461813 |        7.10159e-53 |
+----+----------+-----------------------+-------------------+------------------------+--------------------+
2025-03-23 18:30:12,330 - INFO     - ✅ Resultados de correlação salvos em 'correlacao_p_values_rq04.csv'.
2025-03-23 18:30:12,330 - INFO     - 🎉 Processo de análise finalizado com sucesso!
